<?xml version="1.0" encoding="UTF-8"?>
<!-- Generated by org.testng.reporters.JUnitReportReporter -->
<testsuite hostname="vasu-PC" name="com.vasu.testng.AdminLoginTest" tests="1" failures="0" timestamp="20 Feb 2019 04:14:09 GMT" time="10.528" errors="0">
  <testcase name="adminLogin" time="10.528" classname="com.vasu.testng.AdminLoginTest"/>
</testsuite> <!-- com.vasu.testng.AdminLoginTest -->
