<?xml version="1.0" encoding="UTF-8"?>
<!-- Generated by org.testng.reporters.JUnitReportReporter -->
<testsuite hostname="vasu-PC" name="com.vasu.testng.FirstTestNg" tests="3" failures="0" timestamp="20 Feb 2019 04:14:09 GMT" time="0.042" errors="0">
  <testcase name="appClose" time="0.019" classname="com.vasu.testng.FirstTestNg"/>
  <testcase name="appLaunch" time="0.019" classname="com.vasu.testng.FirstTestNg"/>
  <testcase name="appLogin" time="0.004" classname="com.vasu.testng.FirstTestNg"/>
</testsuite> <!-- com.vasu.testng.FirstTestNg -->
