<?xml version="1.0" encoding="UTF-8"?>
<!-- Generated by org.testng.reporters.JUnitReportReporter -->
<testsuite hostname="vasu-PC" name="com.vasu.testng.BeforeTestAndAfterTest" tests="1" failures="0" timestamp="20 Feb 2019 04:14:09 GMT" time="2.047" errors="0">
  <testcase name="appLogin" time="2.047" classname="com.vasu.testng.BeforeTestAndAfterTest"/>
</testsuite> <!-- com.vasu.testng.BeforeTestAndAfterTest -->
