<?xml version="1.0" encoding="UTF-8"?>
<!-- Generated by org.testng.reporters.JUnitReportReporter -->
<testsuite hostname="vasu-PC" name="com.vasu.testng.EmpAdd" tests="1" failures="0" timestamp="21 Feb 2019 04:22:12 GMT" time="16.003" errors="0">
  <testcase name="empAdd" time="16.003" classname="com.vasu.testng.EmpAdd"/>
</testsuite> <!-- com.vasu.testng.EmpAdd -->
